0 info it worked if it ends with ok
1 verbose cli [ 'C:\\Program Files\\nodejs\\node.exe',
1 verbose cli   'C:\\Users\\Eddie\\AppData\\Roaming\\npm\\node_modules\\npm\\bin\\npm-cli.js',
1 verbose cli   'run',
1 verbose cli   'build' ]
2 info using npm@4.1.1
3 info using node@v7.6.0
4 verbose run-script [ 'prebuild', 'build', 'postbuild' ]
5 info lifecycle edrogue@1.0.0~prebuild: edrogue@1.0.0
6 verbose lifecycle edrogue@1.0.0~prebuild: unsafe-perm in lifecycle true
7 verbose lifecycle edrogue@1.0.0~prebuild: PATH: C:\Users\Eddie\AppData\Roaming\npm\node_modules\npm\bin\node-gyp-bin;C:\Users\Eddie\Documents\WS\edrogue\node_modules\.bin;C:\ProgramData\Oracle\Java\javapath;C:\Program Files (x86)\NVIDIA Corporation\PhysX\Common;C:\WINDOWS\system32;C:\WINDOWS;C:\WINDOWS\System32\Wbem;C:\WINDOWS\System32\WindowsPowerShell\v1.0\;C:\Program Files (x86)\QuickTime\QTSystem\;C:\WINDOWS\system32;C:\WINDOWS;C:\WINDOWS\System32\Wbem;C:\WINDOWS\System32\WindowsPowerShell\v1.0\;C:\Program Files\nodejs\;C:\Ruby23\bin;C:\Users\Eddie\AppData\Local\atom\bin;\Users\Eddie\AppData\Roaming\npm;C:\Program Files\Git\cmd;C:\Program Files (x86)\Microsoft VS Code\bin;C:\Users\Eddie\AppData\Local\Microsoft\WindowsApps;C:\Users\Eddie\AppData\Roaming\npm
8 verbose lifecycle edrogue@1.0.0~prebuild: CWD: C:\Users\Eddie\Documents\WS\edrogue
9 silly lifecycle edrogue@1.0.0~prebuild: Args: [ '/d /s /c', 'mkdir -p build' ]
10 silly lifecycle edrogue@1.0.0~prebuild: Returned: code: 0  signal: null
11 info lifecycle edrogue@1.0.0~build: edrogue@1.0.0
12 verbose lifecycle edrogue@1.0.0~build: unsafe-perm in lifecycle true
13 verbose lifecycle edrogue@1.0.0~build: PATH: C:\Users\Eddie\AppData\Roaming\npm\node_modules\npm\bin\node-gyp-bin;C:\Users\Eddie\Documents\WS\edrogue\node_modules\.bin;C:\ProgramData\Oracle\Java\javapath;C:\Program Files (x86)\NVIDIA Corporation\PhysX\Common;C:\WINDOWS\system32;C:\WINDOWS;C:\WINDOWS\System32\Wbem;C:\WINDOWS\System32\WindowsPowerShell\v1.0\;C:\Program Files (x86)\QuickTime\QTSystem\;C:\WINDOWS\system32;C:\WINDOWS;C:\WINDOWS\System32\Wbem;C:\WINDOWS\System32\WindowsPowerShell\v1.0\;C:\Program Files\nodejs\;C:\Ruby23\bin;C:\Users\Eddie\AppData\Local\atom\bin;\Users\Eddie\AppData\Roaming\npm;C:\Program Files\Git\cmd;C:\Program Files (x86)\Microsoft VS Code\bin;C:\Users\Eddie\AppData\Local\Microsoft\WindowsApps;C:\Users\Eddie\AppData\Roaming\npm
14 verbose lifecycle edrogue@1.0.0~build: CWD: C:\Users\Eddie\Documents\WS\edrogue
15 silly lifecycle edrogue@1.0.0~build: Args: [ '/d /s /c',
15 silly lifecycle   'npm run build:js && npm run build:css && npm run build:html && npm run copy:all' ]
16 silly lifecycle edrogue@1.0.0~build: Returned: code: 1  signal: null
17 info lifecycle edrogue@1.0.0~build: Failed to exec build script
18 verbose stack Error: edrogue@1.0.0 build: `npm run build:js && npm run build:css && npm run build:html && npm run copy:all`
18 verbose stack Exit status 1
18 verbose stack     at EventEmitter.<anonymous> (C:\Users\Eddie\AppData\Roaming\npm\node_modules\npm\lib\utils\lifecycle.js:279:16)
18 verbose stack     at emitTwo (events.js:106:13)
18 verbose stack     at EventEmitter.emit (events.js:192:7)
18 verbose stack     at ChildProcess.<anonymous> (C:\Users\Eddie\AppData\Roaming\npm\node_modules\npm\lib\utils\spawn.js:40:14)
18 verbose stack     at emitTwo (events.js:106:13)
18 verbose stack     at ChildProcess.emit (events.js:192:7)
18 verbose stack     at maybeClose (internal/child_process.js:890:16)
18 verbose stack     at Process.ChildProcess._handle.onexit (internal/child_process.js:226:5)
19 verbose pkgid edrogue@1.0.0
20 verbose cwd C:\Users\Eddie\Documents\WS\edrogue
21 error Windows_NT 10.0.14393
22 error argv "C:\\Program Files\\nodejs\\node.exe" "C:\\Users\\Eddie\\AppData\\Roaming\\npm\\node_modules\\npm\\bin\\npm-cli.js" "run" "build"
23 error node v7.6.0
24 error npm  v4.1.1
25 error code ELIFECYCLE
26 error edrogue@1.0.0 build: `npm run build:js && npm run build:css && npm run build:html && npm run copy:all`
26 error Exit status 1
27 error Failed at the edrogue@1.0.0 build script 'npm run build:js && npm run build:css && npm run build:html && npm run copy:all'.
27 error Make sure you have the latest version of node.js and npm installed.
27 error If you do, this is most likely a problem with the edrogue package,
27 error not with npm itself.
27 error Tell the author that this fails on your system:
27 error     npm run build:js && npm run build:css && npm run build:html && npm run copy:all
27 error You can get information on how to open an issue for this project with:
27 error     npm bugs edrogue
27 error Or if that isn't available, you can get their info via:
27 error     npm owner ls edrogue
27 error There is likely additional logging output above.
28 verbose exit [ 1, true ]
